#
# There is insufficient memory for the Java Runtime Environment to continue.
# Native memory allocation (malloc) failed to allocate 32744 bytes for ChunkPool::allocate
# Possible reasons:
#   The system is out of physical RAM or swap space
#   In 32 bit mode, the process size limit was hit
# Possible solutions:
#   Reduce memory load on the system
#   Increase physical memory or swap space
#   Check if swap backing store is full
#   Use 64 bit Java on a 64 bit OS
#   Decrease Java heap size (-Xmx/-Xms)
#   Decrease number of Java threads
#   Decrease Java thread stack sizes (-Xss)
#   Set larger code cache with -XX:ReservedCodeCacheSize=
# This output file may be truncated or incomplete.
#
#  Out of Memory Error (allocation.cpp:273), pid=14272, tid=0x000000000000347c
#
# JRE version: OpenJDK Runtime Environment (8.0_152-b01) (build 1.8.0_152-release-915-b01)
# Java VM: OpenJDK 64-Bit Server VM (25.152-b01 mixed mode windows-amd64 compressed oops)
# Failed to write core dump. Minidumps are not enabled by default on client versions of Windows
#

---------------  T H R E A D  ---------------

Current thread (0x0000000015d2b800):  JavaThread "C2 CompilerThread1" daemon [_thread_in_native, id=13436, stack(0x0000000017470000,0x0000000017570000)]

Stack: [0x0000000017470000,0x0000000017570000]
[error occurred during error reporting (printing stack bounds), id 0xc0000005]

Native frames: (J=compiled Java code, j=interpreted, Vv=VM code, C=native code)


Current CompileTask:
C2:   4899 1433   !   4       java.net.URLClassLoader$1::run (63 bytes)


---------------  P R O C E S S  ---------------

Java Threads: ( => current thread )
  0x0000000019265000 JavaThread "Cache worker for file hash cache (E:\Abdul\Order Booking Application\New folder\BMS_ORDER_BOOKING_APP\AutoSender\.gradle\4.1\fileHashes)" [_thread_blocked, id=14044, stack(0x000000001b890000,0x000000001b990000)]
  0x00000000191ca000 JavaThread "File lock request listener" [_thread_in_native, id=13700, stack(0x000000001a5c0000,0x000000001a6c0000)]
  0x00000000191a0800 JavaThread "Cache worker for file hash cache (C:\Users\Blazeminds\.gradle\caches\4.1\fileHashes)" [_thread_blocked, id=6248, stack(0x000000001a4c0000,0x000000001a5c0000)]
  0x0000000018d10000 JavaThread "Stdin handler" [_thread_blocked, id=10652, stack(0x000000001a3c0000,0x000000001a4c0000)]
  0x0000000018d0f000 JavaThread "Asynchronous log dispatcher for DefaultDaemonConnection: socket connection from /127.0.0.1:61790 to /127.0.0.1:61791" [_thread_blocked, id=1080, stack(0x000000001a2c0000,0x000000001a3c0000)]
  0x0000000018d1f800 JavaThread "Daemon worker" [_thread_in_native, id=10216, stack(0x000000001a1c0000,0x000000001a2c0000)]
  0x0000000018d1e000 JavaThread "Cancel handler" [_thread_blocked, id=11996, stack(0x000000001a0c0000,0x000000001a1c0000)]
  0x0000000018f5d000 JavaThread "Handler for socket connection from /127.0.0.1:61790 to /127.0.0.1:61791" [_thread_in_native, id=13504, stack(0x0000000019dc0000,0x0000000019ec0000)]
  0x0000000018bf5800 JavaThread "Daemon" [_thread_blocked, id=13732, stack(0x0000000019cc0000,0x0000000019dc0000)]
  0x0000000018ac6000 JavaThread "Daemon periodic checks" [_thread_blocked, id=12744, stack(0x0000000019bc0000,0x0000000019cc0000)]
  0x00000000188d7000 JavaThread "Incoming local TCP Connector on port 61790" [_thread_in_native, id=5620, stack(0x0000000019980000,0x0000000019a80000)]
  0x0000000015d8e000 JavaThread "Service Thread" daemon [_thread_blocked, id=11868, stack(0x0000000017a70000,0x0000000017b70000)]
  0x0000000015d31800 JavaThread "C1 CompilerThread2" daemon [_thread_blocked, id=13416, stack(0x0000000017570000,0x0000000017670000)]
=>0x0000000015d2b800 JavaThread "C2 CompilerThread1" daemon [_thread_in_native, id=13436, stack(0x0000000017470000,0x0000000017570000)]
  0x0000000015d38000 JavaThread "C2 CompilerThread0" daemon [_thread_in_native, id=10796, stack(0x0000000017370000,0x0000000017470000)]
  0x0000000015d37000 JavaThread "Attach Listener" daemon [_thread_blocked, id=13616, stack(0x0000000017270000,0x0000000017370000)]
  0x0000000015d36000 JavaThread "Signal Dispatcher" daemon [_thread_blocked, id=13652, stack(0x0000000017170000,0x0000000017270000)]
  0x0000000015d18800 JavaThread "Finalizer" daemon [_thread_blocked, id=13840, stack(0x0000000016f80000,0x0000000017080000)]
  0x00000000023b2800 JavaThread "Reference Handler" daemon [_thread_blocked, id=4772, stack(0x0000000016e80000,0x0000000016f80000)]
  0x000000000096d800 JavaThread "main" [_thread_blocked, id=13932, stack(0x0000000002190000,0x0000000002290000)]

Other Threads:
  0x0000000015cf5000 VMThread [stack: 0x0000000016d80000,0x0000000016e80000] [id=13620]
  0x000000001768f000 WatcherThread [stack: 0x0000000017b70000,0x0000000017c70000] [id=13420]

VM state:not at safepoint (normal execution)

VM Mutex/Monitor currently owned by a thread: None

Heap:
 PSYoungGen      total 38400K, used 17360K [0x00000000e0000000, 0x00000000e4b00000, 0x0000000100000000)
  eden space 33280K, 36% used [0x00000000e0000000,0x00000000e0bf7c18,0x00000000e2080000)
  from space 5120K, 99% used [0x00000000e2080000,0x00000000e257c4d0,0x00000000e2580000)
  to   space 5120K, 0% used [0x00000000e4600000,0x00000000e4600000,0x00000000e4b00000)
 ParOldGen       total 87552K, used 3808K [0x00000000a0000000, 0x00000000a5580000, 0x00000000e0000000)
  object space 87552K, 4% used [0x00000000a0000000,0x00000000a03b8008,0x00000000a5580000)
 Metaspace       used 17222K, capacity 17598K, committed 17792K, reserved 1064960K
  class space    used 2457K, capacity 2599K, committed 2688K, reserved 1048576K

Card table byte_map: [0x0000000011780000,0x0000000011a90000] byte_map_base: 0x0000000011280000

Marking Bits: (ParMarkBitMap*) 0x0000000062473950
 Begin Bits: [0x0000000012090000, 0x0000000013890000)
 End Bits:   [0x0000000013890000, 0x0000000015090000)

Polling page: 0x00000000004d0000

CodeCache: size=245760Kb used=5242Kb max_used=5242Kb free=240517Kb
 bounds [0x00000000023c0000, 0x00000000028f0000, 0x00000000113c0000]
 total_blobs=1938 nmethods=1560 adapters=291
 compilation: enabled

Compilation events (10 events):
Event: 4.742 Thread 0x0000000015d31800 1564       3       java.util.concurrent.locks.AbstractQueuedSynchronizer::compareAndSetState (13 bytes)
Event: 4.742 Thread 0x0000000015d31800 nmethod 1564 0x00000000028ddd90 code [0x00000000028ddee0, 0x00000000028de050]
Event: 4.822 Thread 0x0000000015d31800 1565       3       java.util.concurrent.locks.ReentrantLock$Sync::tryRelease (45 bytes)
Event: 4.823 Thread 0x0000000015d31800 nmethod 1565 0x00000000028de0d0 code [0x00000000028de260, 0x00000000028de808]
Event: 4.825 Thread 0x0000000015d31800 1566       3       java.io.File::slashify (84 bytes)
Event: 4.827 Thread 0x0000000015d31800 nmethod 1566 0x00000000028de950 code [0x00000000028debc0, 0x00000000028dfdc8]
Event: 4.827 Thread 0x0000000015d31800 1567       3       java.net.URI::<init> (13 bytes)
Event: 4.827 Thread 0x0000000015d31800 nmethod 1567 0x00000000028e04d0 code [0x00000000028e0640, 0x00000000028e07e8]
Event: 4.827 Thread 0x0000000015d31800 1568       3       java.net.URI::<init> (81 bytes)
Event: 4.828 Thread 0x0000000015d31800 nmethod 1568 0x00000000028e0890 code [0x00000000028e0a40, 0x00000000028e0fe8]

GC Heap History (6 events):
Event: 1.397 GC heap before
{Heap before GC invocations=1 (full 0):
 PSYoungGen      total 38400K, used 33280K [0x00000000e0000000, 0x00000000e2a80000, 0x0000000100000000)
  eden space 33280K, 100% used [0x00000000e0000000,0x00000000e2080000,0x00000000e2080000)
  from space 5120K, 0% used [0x00000000e2580000,0x00000000e2580000,0x00000000e2a80000)
  to   space 5120K, 0% used [0x00000000e2080000,0x00000000e2080000,0x00000000e2580000)
 ParOldGen       total 87552K, used 0K [0x00000000a0000000, 0x00000000a5580000, 0x00000000e0000000)
  object space 87552K, 0% used [0x00000000a0000000,0x00000000a0000000,0x00000000a5580000)
 Metaspace       used 6577K, capacity 6766K, committed 7040K, reserved 1056768K
  class space    used 799K, capacity 875K, committed 896K, reserved 1048576K
Event: 1.404 GC heap after
Heap after GC invocations=1 (full 0):
 PSYoungGen      total 38400K, used 4247K [0x00000000e0000000, 0x00000000e2a80000, 0x0000000100000000)
  eden space 33280K, 0% used [0x00000000e0000000,0x00000000e0000000,0x00000000e2080000)
  from space 5120K, 82% used [0x00000000e2080000,0x00000000e24a5fb0,0x00000000e2580000)
  to   space 5120K, 0% used [0x00000000e2580000,0x00000000e2580000,0x00000000e2a80000)
 ParOldGen       total 87552K, used 8K [0x00000000a0000000, 0x00000000a5580000, 0x00000000e0000000)
  object space 87552K, 0% used [0x00000000a0000000,0x00000000a0002000,0x00000000a5580000)
 Metaspace       used 6577K, capacity 6766K, committed 7040K, reserved 1056768K
  class space    used 799K, capacity 875K, committed 896K, reserved 1048576K
}
Event: 3.482 GC heap before
{Heap before GC invocations=2 (full 0):
 PSYoungGen      total 38400K, used 37527K [0x00000000e0000000, 0x00000000e2a80000, 0x0000000100000000)
  eden space 33280K, 100% used [0x00000000e0000000,0x00000000e2080000,0x00000000e2080000)
  from space 5120K, 82% used [0x00000000e2080000,0x00000000e24a5fb0,0x00000000e2580000)
  to   space 5120K, 0% used [0x00000000e2580000,0x00000000e2580000,0x00000000e2a80000)
 ParOldGen       total 87552K, used 8K [0x00000000a0000000, 0x00000000a5580000, 0x00000000e0000000)
  object space 87552K, 0% used [0x00000000a0000000,0x00000000a0002000,0x00000000a5580000)
 Metaspace       used 12201K, capacity 12514K, committed 12800K, reserved 1060864K
  class space    used 1633K, capacity 1761K, committed 1792K, reserved 1048576K
Event: 3.492 GC heap after
Heap after GC invocations=2 (full 0):
 PSYoungGen      total 38400K, used 5088K [0x00000000e0000000, 0x00000000e2a80000, 0x0000000100000000)
  eden space 33280K, 0% used [0x00000000e0000000,0x00000000e0000000,0x00000000e2080000)
  from space 5120K, 99% used [0x00000000e2580000,0x00000000e2a78238,0x00000000e2a80000)
  to   space 5120K, 0% used [0x00000000e2080000,0x00000000e2080000,0x00000000e2580000)
 ParOldGen       total 87552K, used 917K [0x00000000a0000000, 0x00000000a5580000, 0x00000000e0000000)
  object space 87552K, 1% used [0x00000000a0000000,0x00000000a00e56e0,0x00000000a5580000)
 Metaspace       used 12201K, capacity 12514K, committed 12800K, reserved 1060864K
  class space    used 1633K, capacity 1761K, committed 1792K, reserved 1048576K
}
Event: 4.175 GC heap before
{Heap before GC invocations=3 (full 0):
 PSYoungGen      total 38400K, used 38368K [0x00000000e0000000, 0x00000000e2a80000, 0x0000000100000000)
  eden space 33280K, 100% used [0x00000000e0000000,0x00000000e2080000,0x00000000e2080000)
  from space 5120K, 99% used [0x00000000e2580000,0x00000000e2a78238,0x00000000e2a80000)
  to   space 5120K, 0% used [0x00000000e2080000,0x00000000e2080000,0x00000000e2580000)
 ParOldGen       total 87552K, used 917K [0x00000000a0000000, 0x00000000a5580000, 0x00000000e0000000)
  object space 87552K, 1% used [0x00000000a0000000,0x00000000a00e56e0,0x00000000a5580000)
 Metaspace       used 15649K, capacity 16006K, committed 16256K, reserved 1062912K
  class space    used 2203K, capacity 2307K, committed 2432K, reserved 1048576K
Event: 4.192 GC heap after
Heap after GC invocations=3 (full 0):
 PSYoungGen      total 38400K, used 5105K [0x00000000e0000000, 0x00000000e4b00000, 0x0000000100000000)
  eden space 33280K, 0% used [0x00000000e0000000,0x00000000e0000000,0x00000000e2080000)
  from space 5120K, 99% used [0x00000000e2080000,0x00000000e257c4d0,0x00000000e2580000)
  to   space 5120K, 0% used [0x00000000e4600000,0x00000000e4600000,0x00000000e4b00000)
 ParOldGen       total 87552K, used 3808K [0x00000000a0000000, 0x00000000a5580000, 0x00000000e0000000)
  object space 87552K, 4% used [0x00000000a0000000,0x00000000a03b8008,0x00000000a5580000)
 Metaspace       used 15649K, capacity 16006K, committed 16256K, reserved 1062912K
  class space    used 2203K, capacity 2307K, committed 2432K, reserved 1048576K
}

Deoptimization events (10 events):
Event: 3.717 Thread 0x0000000018d1f800 Uncommon trap: reason=class_check action=maybe_recompile pc=0x000000000261b4dc method=java.util.regex.Matcher.match(II)Z @ 86
Event: 3.717 Thread 0x0000000018d1f800 Uncommon trap: reason=class_check action=maybe_recompile pc=0x000000000261b4dc method=java.util.regex.Matcher.match(II)Z @ 86
Event: 3.802 Thread 0x0000000018d1f800 Uncommon trap: reason=unstable_if action=reinterpret pc=0x000000000282a474 method=java.lang.String.lastIndexOf([CII[CIII)I @ 66
Event: 3.879 Thread 0x0000000018d1f800 Uncommon trap: reason=unstable_if action=reinterpret pc=0x000000000250cf88 method=java.net.URI.match(CJJ)Z @ 19
Event: 3.879 Thread 0x0000000018d1f800 Uncommon trap: reason=unstable_if action=reinterpret pc=0x0000000002630940 method=java.net.URI.match(CJJ)Z @ 19
Event: 3.879 Thread 0x0000000018d1f800 Uncommon trap: reason=unstable_if action=reinterpret pc=0x0000000002511248 method=java.net.URI.match(CJJ)Z @ 19
Event: 4.514 Thread 0x0000000018d1f800 Uncommon trap: reason=unstable_if action=reinterpret pc=0x0000000002681cc8 method=java.lang.AbstractStringBuilder.append(Ljava/lang/String;)Ljava/lang/AbstractStringBuilder; @ 1
Event: 4.514 Thread 0x0000000018d1f800 Uncommon trap: reason=unstable_if action=reinterpret pc=0x00000000025d5970 method=java.lang.AbstractStringBuilder.append(Ljava/lang/String;)Ljava/lang/AbstractStringBuilder; @ 1
Event: 4.852 Thread 0x0000000018d1f800 Uncommon trap: reason=class_check action=maybe_recompile pc=0x000000000257f438 method=sun.misc.URLClassPath.getLoader(I)Lsun/misc/URLClassPath$Loader; @ 94
Event: 4.852 Thread 0x0000000018d1f800 Uncommon trap: reason=class_check action=maybe_recompile pc=0x00000000026a6e2c method=sun.misc.URLClassPath.getResource(Ljava/lang/String;Z)Lsun/misc/Resource; @ 62

Classes redefined (0 events):
No events

Internal exceptions (10 events):
Event: 3.361 Thread 0x0000000018f5d000 Exception <a 'java/lang/NoSuchMethodError': <clinit>> (0x00000000e1b6ebf0) thrown at [D:\src\AOSP-openjdk-cygwin\jdk8u\hotspot\src\share\vm\prims\jni.cpp, line 1613]
Event: 3.369 Thread 0x0000000018f5d000 Exception <a 'java/lang/NoSuchMethodError': <clinit>> (0x00000000e1b90588) thrown at [D:\src\AOSP-openjdk-cygwin\jdk8u\hotspot\src\share\vm\prims\jni.cpp, line 1613]
Event: 3.404 Thread 0x0000000018d1f800 Exception <a 'java/lang/NoSuchMethodError': <clinit>> (0x00000000e1c83ef0) thrown at [D:\src\AOSP-openjdk-cygwin\jdk8u\hotspot\src\share\vm\prims\jni.cpp, line 1613]
Event: 3.405 Thread 0x0000000018d1f800 Exception <a 'java/lang/NoSuchMethodError': <clinit>> (0x00000000e1c8c178) thrown at [D:\src\AOSP-openjdk-cygwin\jdk8u\hotspot\src\share\vm\prims\jni.cpp, line 1613]
Event: 4.335 Thread 0x0000000018d1f800 Exception <a 'java/lang/NoSuchMethodError': <clinit>> (0x00000000e045c098) thrown at [D:\src\AOSP-openjdk-cygwin\jdk8u\hotspot\src\share\vm\prims\jni.cpp, line 1613]
Event: 4.336 Thread 0x0000000018d1f800 Exception <a 'java/lang/NoSuchMethodError': <clinit>> (0x00000000e045ea38) thrown at [D:\src\AOSP-openjdk-cygwin\jdk8u\hotspot\src\share\vm\prims\jni.cpp, line 1613]
Event: 4.338 Thread 0x0000000018d1f800 Exception <a 'java/lang/NoSuchMethodError': <clinit>> (0x00000000e046c200) thrown at [D:\src\AOSP-openjdk-cygwin\jdk8u\hotspot\src\share\vm\prims\jni.cpp, line 1613]
Event: 4.339 Thread 0x0000000018d1f800 Exception <a 'java/lang/NoSuchMethodError': <clinit>> (0x00000000e0477980) thrown at [D:\src\AOSP-openjdk-cygwin\jdk8u\hotspot\src\share\vm\prims\jni.cpp, line 1613]
Event: 4.514 Thread 0x0000000018d1f800 Implicit null exception at 0x0000000002681916 to 0x0000000002681cb1
Event: 4.514 Thread 0x0000000018d1f800 Implicit null exception at 0x00000000025d5594 to 0x00000000025d5959

Events (10 events):
Event: 4.849 loading class sun/misc/URLClassPath$FileLoader
Event: 4.850 loading class sun/misc/URLClassPath$FileLoader done
Event: 4.851 Thread 0x0000000018d1f800 Uncommon trap: trap_request=0xffffffde fr.pc=0x000000000257f438
Event: 4.851 Executing VM operation: RevokeBias
Event: 4.852 Executing VM operation: RevokeBias done
Event: 4.852 Thread 0x0000000018d1f800 DEOPT PACKING pc=0x000000000257f438 sp=0x000000001a2bb960
Event: 4.852 Thread 0x0000000018d1f800 DEOPT UNPACKING pc=0x000000000240556a sp=0x000000001a2bb8e8 mode 2
Event: 4.852 Thread 0x0000000018d1f800 Uncommon trap: trap_request=0xffffffde fr.pc=0x00000000026a6e2c
Event: 4.852 Thread 0x0000000018d1f800 DEOPT PACKING pc=0x00000000026a6e2c sp=0x000000001a2bba30
Event: 4.852 Thread 0x0000000018d1f800 DEOPT UNPACKING pc=0x000000000240556a sp=0x000000001a2bb9d0 mode 2


Dynamic libraries:
0x00007ff7b9d70000 - 0x00007ff7b9da1000 	C:\Program Files\Android\Android Studio\jre\bin\java.exe
0x00007ff923cb0000 - 0x00007ff923e91000 	C:\WINDOWS\SYSTEM32\ntdll.dll
0x00007ff922780000 - 0x00007ff922832000 	C:\WINDOWS\System32\KERNEL32.DLL
0x00007ff9205e0000 - 0x00007ff920853000 	C:\WINDOWS\System32\KERNELBASE.dll
0x00007ff921510000 - 0x00007ff9215b1000 	C:\WINDOWS\System32\ADVAPI32.dll
0x00007ff921210000 - 0x00007ff9212ae000 	C:\WINDOWS\System32\msvcrt.dll
0x00007ff921bd0000 - 0x00007ff921c2b000 	C:\WINDOWS\System32\sechost.dll
0x00007ff921aa0000 - 0x00007ff921bc4000 	C:\WINDOWS\System32\RPCRT4.dll
0x00007ff921910000 - 0x00007ff921aa0000 	C:\WINDOWS\System32\USER32.dll
0x00007ff921120000 - 0x00007ff921140000 	C:\WINDOWS\System32\win32u.dll
0x00007ff9212e0000 - 0x00007ff921308000 	C:\WINDOWS\System32\GDI32.dll
0x00007ff9202f0000 - 0x00007ff920482000 	C:\WINDOWS\System32\gdi32full.dll
0x00007ff920540000 - 0x00007ff9205df000 	C:\WINDOWS\System32\msvcp_win.dll
0x00007ff920910000 - 0x00007ff920a08000 	C:\WINDOWS\System32\ucrtbase.dll
0x00007ff919c30000 - 0x00007ff919e99000 	C:\WINDOWS\WinSxS\amd64_microsoft.windows.common-controls_6595b64144ccf1df_6.0.17134.648_none_fb45a0e93062a6d2\COMCTL32.dll
0x00007ff922360000 - 0x00007ff922682000 	C:\WINDOWS\System32\combase.dll
0x00007ff920080000 - 0x00007ff9200fa000 	C:\WINDOWS\System32\bcryptPrimitives.dll
0x00007ff922750000 - 0x00007ff92277d000 	C:\WINDOWS\System32\IMM32.DLL
0x0000000061bd0000 - 0x0000000061ca2000 	C:\Program Files\Android\Android Studio\jre\jre\bin\msvcr100.dll
0x0000000061cb0000 - 0x00000000624ee000 	C:\Program Files\Android\Android Studio\jre\jre\bin\server\jvm.dll
0x00007ff922740000 - 0x00007ff922748000 	C:\WINDOWS\System32\PSAPI.DLL
0x00007ff8fb900000 - 0x00007ff8fb909000 	C:\WINDOWS\SYSTEM32\WSOCK32.dll
0x00007ff91ce70000 - 0x00007ff91ce93000 	C:\WINDOWS\SYSTEM32\WINMM.dll
0x00007ff91ba30000 - 0x00007ff91ba3a000 	C:\WINDOWS\SYSTEM32\VERSION.dll
0x00007ff921c30000 - 0x00007ff921c9c000 	C:\WINDOWS\System32\WS2_32.dll
0x00007ff91ce40000 - 0x00007ff91ce6a000 	C:\WINDOWS\SYSTEM32\winmmbase.dll
0x00007ff9204f0000 - 0x00007ff920539000 	C:\WINDOWS\System32\cfgmgr32.dll
0x00007ff8f8f10000 - 0x00007ff8f8f1f000 	C:\Program Files\Android\Android Studio\jre\jre\bin\verify.dll
0x00007ff8f8c80000 - 0x00007ff8f8ca9000 	C:\Program Files\Android\Android Studio\jre\jre\bin\java.dll
0x00007ff8f8ef0000 - 0x00007ff8f8f06000 	C:\Program Files\Android\Android Studio\jre\jre\bin\zip.dll
0x00007ff922840000 - 0x00007ff923c80000 	C:\WINDOWS\System32\SHELL32.dll
0x00007ff9215c0000 - 0x00007ff921669000 	C:\WINDOWS\System32\shcore.dll
0x00007ff920a10000 - 0x00007ff92111d000 	C:\WINDOWS\System32\windows.storage.dll
0x00007ff9217d0000 - 0x00007ff921821000 	C:\WINDOWS\System32\shlwapi.dll
0x00007ff920050000 - 0x00007ff920061000 	C:\WINDOWS\System32\kernel.appcore.dll
0x00007ff920010000 - 0x00007ff92002f000 	C:\WINDOWS\System32\profapi.dll
0x00007ff91ffc0000 - 0x00007ff92000c000 	C:\WINDOWS\System32\powrprof.dll
0x00007ff920070000 - 0x00007ff92007a000 	C:\WINDOWS\System32\FLTLIB.DLL
0x00007ff8f8c60000 - 0x00007ff8f8c7a000 	C:\Program Files\Android\Android Studio\jre\jre\bin\net.dll
0x00007ff91f7e0000 - 0x00007ff91f846000 	C:\WINDOWS\system32\mswsock.dll
0x00007ff8f8c40000 - 0x00007ff8f8c51000 	C:\Program Files\Android\Android Studio\jre\jre\bin\nio.dll
0x00007ff903e70000 - 0x00007ff903e8e000 	C:\Users\Blazeminds\.gradle\native\25\windows-amd64\native-platform.dll
0x00007ff90d640000 - 0x00007ff90d64d000 	C:\Program Files\Android\Android Studio\jre\jre\bin\management.dll
0x00007ff91f990000 - 0x00007ff91f9a7000 	C:\WINDOWS\SYSTEM32\CRYPTSP.dll
0x00007ff91f3c0000 - 0x00007ff91f3f3000 	C:\WINDOWS\system32\rsaenh.dll
0x00007ff91fac0000 - 0x00007ff91fae5000 	C:\WINDOWS\SYSTEM32\bcrypt.dll
0x00007ff91fef0000 - 0x00007ff91ff18000 	C:\WINDOWS\SYSTEM32\USERENV.dll
0x00007ff91f9b0000 - 0x00007ff91f9bb000 	C:\WINDOWS\SYSTEM32\CRYPTBASE.dll
0x00007ff91f560000 - 0x00007ff91f598000 	C:\WINDOWS\SYSTEM32\IPHLPAPI.DLL
0x00007ff9212b0000 - 0x00007ff9212b8000 	C:\WINDOWS\System32\NSI.dll
0x00007ff919500000 - 0x00007ff919516000 	C:\WINDOWS\SYSTEM32\dhcpcsvc6.DLL
0x00007ff919540000 - 0x00007ff91955a000 	C:\WINDOWS\SYSTEM32\dhcpcsvc.DLL

VM Arguments:
jvm_args: -Xmx1536m -Dfile.encoding=windows-1252 -Duser.country=US -Duser.language=en -Duser.variant 
java_command: org.gradle.launcher.daemon.bootstrap.GradleDaemon 4.1
java_class_path (initial): C:\Users\Blazeminds\.gradle\wrapper\dists\gradle-4.1-all\bzyivzo6n839fup2jbap0tjew\gradle-4.1\lib\gradle-launcher-4.1.jar
Launcher Type: SUN_STANDARD

Environment Variables:
PATH=C:\ProgramData\Oracle\Java\javapath;C:\WINDOWS\system32;C:\WINDOWS;C:\WINDOWS\System32\Wbem;C:\WINDOWS\System32\WindowsPowerShell\v1.0\;C:\Program Files\Java\jdk1.8.0_51\bin;C:\WINDOWS\System32\OpenSSH\;C:\Program Files\Git\cmd;C:\Users\Blazeminds\AppData\Local\Microsoft\WindowsApps;C:\Users\Blazeminds\AppData\Local\GitHubDesktop\bin
USERNAME=Blazeminds
OS=Windows_NT
PROCESSOR_IDENTIFIER=Intel64 Family 6 Model 58 Stepping 9, GenuineIntel



---------------  S Y S T E M  ---------------

OS: Windows 10.0 , 64 bit Build 17134 (10.0.17134.648)

CPU:total 4 (initial active 4) (2 cores per cpu, 2 threads per core) family 6 model 58 stepping 9, cmov, cx8, fxsr, mmx, sse, sse2, sse3, ssse3, sse4.1, sse4.2, popcnt, avx, clmul, erms, ht, tsc, tscinvbit, tscinv

Memory: 4k page, physical 8284520k(1020320k free), swap 10237288k(5148k free)

vm_info: OpenJDK 64-Bit Server VM (25.152-b01) for windows-amd64 JRE (1.8.0_152-release-915-b01), built by "builder" with MS VC++ 10.0 (VS2010)

time: Tue Apr 09 13:42:17 2019
elapsed time: 4 seconds (0d 0h 0m 4s)

