#
# There is insufficient memory for the Java Runtime Environment to continue.
# Native memory allocation (malloc) failed to allocate 32744 bytes for ChunkPool::allocate
# Possible reasons:
#   The system is out of physical RAM or swap space
#   In 32 bit mode, the process size limit was hit
# Possible solutions:
#   Reduce memory load on the system
#   Increase physical memory or swap space
#   Check if swap backing store is full
#   Use 64 bit Java on a 64 bit OS
#   Decrease Java heap size (-Xmx/-Xms)
#   Decrease number of Java threads
#   Decrease Java thread stack sizes (-Xss)
#   Set larger code cache with -XX:ReservedCodeCacheSize=
# This output file may be truncated or incomplete.
#
#  Out of Memory Error (allocation.cpp:273), pid=13868, tid=0x000000000000365c
#
# JRE version: OpenJDK Runtime Environment (8.0_152-b01) (build 1.8.0_152-release-915-b01)
# Java VM: OpenJDK 64-Bit Server VM (25.152-b01 mixed mode windows-amd64 compressed oops)
# Failed to write core dump. Minidumps are not enabled by default on client versions of Windows
#

---------------  T H R E A D  ---------------

Current thread (0x0000000016b29800):  JavaThread "C2 CompilerThread1" daemon [_thread_in_native, id=13916, stack(0x0000000018270000,0x0000000018370000)]

Stack: [0x0000000018270000,0x0000000018370000]
[error occurred during error reporting (printing stack bounds), id 0xc0000005]

Native frames: (J=compiled Java code, j=interpreted, Vv=VM code, C=native code)


Current CompileTask:
C2:   5216 1336       4       java.net.URLClassLoader$1::run (5 bytes)


---------------  P R O C E S S  ---------------

Java Threads: ( => current thread )
  0x000000001b3a6800 JavaThread "Cache worker for file hash cache (E:\Abdul\Order Booking Application\New folder\BMS_ORDER_BOOKING_APP\AutoSender\.gradle\4.1\fileHashes)" [_thread_blocked, id=14240, stack(0x000000001c690000,0x000000001c790000)]
  0x0000000019fe1000 JavaThread "File lock request listener" [_thread_in_native, id=14084, stack(0x000000001c390000,0x000000001c490000)]
  0x0000000019fe0800 JavaThread "Cache worker for file hash cache (C:\Users\Blazeminds\.gradle\caches\4.1\fileHashes)" [_thread_blocked, id=13664, stack(0x000000001c290000,0x000000001c390000)]
  0x0000000019ce8000 JavaThread "Stdin handler" [_thread_blocked, id=5664, stack(0x000000001b1c0000,0x000000001b2c0000)]
  0x0000000019ce7000 JavaThread "Asynchronous log dispatcher for DefaultDaemonConnection: socket connection from /127.0.0.1:61801 to /127.0.0.1:61802" [_thread_blocked, id=13980, stack(0x000000001b0c0000,0x000000001b1c0000)]
  0x0000000019ce4000 JavaThread "Daemon worker" [_thread_in_native, id=13112, stack(0x000000001afc0000,0x000000001b0c0000)]
  0x0000000019f4e800 JavaThread "Cancel handler" [_thread_blocked, id=14100, stack(0x000000001aec0000,0x000000001afc0000)]
  0x0000000019650000 JavaThread "Handler for socket connection from /127.0.0.1:61801 to /127.0.0.1:61802" [_thread_in_native, id=13692, stack(0x000000001abc0000,0x000000001acc0000)]
  0x000000001964b800 JavaThread "Daemon" [_thread_blocked, id=13520, stack(0x000000001aac0000,0x000000001abc0000)]
  0x0000000019908800 JavaThread "Daemon periodic checks" [_thread_blocked, id=13660, stack(0x000000001a9c0000,0x000000001aac0000)]
  0x0000000019eb5000 JavaThread "Incoming local TCP Connector on port 61801" [_thread_in_native, id=1844, stack(0x000000001a780000,0x000000001a880000)]
  0x0000000016b8b000 JavaThread "Service Thread" daemon [_thread_blocked, id=13680, stack(0x0000000018870000,0x0000000018970000)]
  0x0000000016b30000 JavaThread "C1 CompilerThread2" daemon [_thread_blocked, id=13572, stack(0x0000000018370000,0x0000000018470000)]
=>0x0000000016b29800 JavaThread "C2 CompilerThread1" daemon [_thread_in_native, id=13916, stack(0x0000000018270000,0x0000000018370000)]
  0x0000000016b37000 JavaThread "C2 CompilerThread0" daemon [_thread_in_native, id=12312, stack(0x0000000018170000,0x0000000018270000)]
  0x0000000016b35800 JavaThread "Attach Listener" daemon [_thread_blocked, id=13880, stack(0x0000000018070000,0x0000000018170000)]
  0x0000000016b34000 JavaThread "Signal Dispatcher" daemon [_thread_blocked, id=2532, stack(0x0000000017f70000,0x0000000018070000)]
  0x00000000031bc000 JavaThread "Finalizer" daemon [_thread_blocked, id=14060, stack(0x0000000017d80000,0x0000000017e80000)]
  0x00000000031b1000 JavaThread "Reference Handler" daemon [_thread_blocked, id=13764, stack(0x0000000017c80000,0x0000000017d80000)]
  0x0000000002fbd800 JavaThread "main" [_thread_blocked, id=8700, stack(0x0000000002fc0000,0x00000000030c0000)]

Other Threads:
  0x0000000016af5800 VMThread [stack: 0x0000000017b80000,0x0000000017c80000] [id=5080]
  0x0000000018491800 WatcherThread [stack: 0x0000000018970000,0x0000000018a70000] [id=2524]

VM state:not at safepoint (normal execution)

VM Mutex/Monitor currently owned by a thread: None

Heap:
 PSYoungGen      total 38400K, used 19414K [0x00000000e0000000, 0x00000000e4b00000, 0x0000000100000000)
  eden space 33280K, 43% used [0x00000000e0000000,0x00000000e0dfa5d0,0x00000000e2080000)
  from space 5120K, 99% used [0x00000000e2080000,0x00000000e257b248,0x00000000e2580000)
  to   space 5120K, 0% used [0x00000000e4600000,0x00000000e4600000,0x00000000e4b00000)
 ParOldGen       total 87552K, used 3738K [0x00000000a0000000, 0x00000000a5580000, 0x00000000e0000000)
  object space 87552K, 4% used [0x00000000a0000000,0x00000000a03a6908,0x00000000a5580000)
 Metaspace       used 17333K, capacity 17714K, committed 18048K, reserved 1064960K
  class space    used 2475K, capacity 2649K, committed 2688K, reserved 1048576K

Card table byte_map: [0x0000000012580000,0x0000000012890000] byte_map_base: 0x0000000012080000

Marking Bits: (ParMarkBitMap*) 0x0000000062473950
 Begin Bits: [0x0000000012e90000, 0x0000000014690000)
 End Bits:   [0x0000000014690000, 0x0000000015e90000)

Polling page: 0x0000000001210000

CodeCache: size=245760Kb used=5425Kb max_used=5425Kb free=240334Kb
 bounds [0x00000000031c0000, 0x0000000003710000, 0x00000000121c0000]
 total_blobs=1986 nmethods=1607 adapters=292
 compilation: enabled

Compilation events (10 events):
Event: 5.134 Thread 0x0000000016b30000 1616       3       org.objectweb.asm.Frame::pop (45 bytes)
Event: 5.135 Thread 0x0000000016b30000 nmethod 1616 0x000000000370b610 code [0x000000000370b760, 0x000000000370b930]
Event: 5.135 Thread 0x0000000016b30000 1615       3       org.objectweb.asm.MethodWriter::visitVarInsn (292 bytes)
Event: 5.137 Thread 0x0000000016b30000 nmethod 1615 0x000000000370b9d0 code [0x000000000370bc00, 0x000000000370c668]
Event: 5.137 Thread 0x0000000016b30000 1618       3       org.objectweb.asm.Type::getType (269 bytes)
Event: 5.138 Thread 0x0000000016b30000 nmethod 1618 0x000000000370ca50 code [0x000000000370cc40, 0x000000000370d530]
Event: 5.138 Thread 0x0000000016b30000 1617       3       org.objectweb.asm.ClassWriter::newClassItem (70 bytes)
Event: 5.139 Thread 0x0000000016b30000 nmethod 1617 0x000000000370d910 code [0x000000000370dac0, 0x000000000370df18]
Event: 5.169 Thread 0x0000000016b30000 1619       1       java.io.ExpiringCache::access$000 (5 bytes)
Event: 5.170 Thread 0x0000000016b30000 nmethod 1619 0x000000000370e0d0 code [0x000000000370e220, 0x000000000370e310]

GC Heap History (6 events):
Event: 1.421 GC heap before
{Heap before GC invocations=1 (full 0):
 PSYoungGen      total 38400K, used 33280K [0x00000000e0000000, 0x00000000e2a80000, 0x0000000100000000)
  eden space 33280K, 100% used [0x00000000e0000000,0x00000000e2080000,0x00000000e2080000)
  from space 5120K, 0% used [0x00000000e2580000,0x00000000e2580000,0x00000000e2a80000)
  to   space 5120K, 0% used [0x00000000e2080000,0x00000000e2080000,0x00000000e2580000)
 ParOldGen       total 87552K, used 0K [0x00000000a0000000, 0x00000000a5580000, 0x00000000e0000000)
  object space 87552K, 0% used [0x00000000a0000000,0x00000000a0000000,0x00000000a5580000)
 Metaspace       used 6577K, capacity 6766K, committed 7040K, reserved 1056768K
  class space    used 799K, capacity 875K, committed 896K, reserved 1048576K
Event: 1.429 GC heap after
Heap after GC invocations=1 (full 0):
 PSYoungGen      total 38400K, used 4234K [0x00000000e0000000, 0x00000000e2a80000, 0x0000000100000000)
  eden space 33280K, 0% used [0x00000000e0000000,0x00000000e0000000,0x00000000e2080000)
  from space 5120K, 82% used [0x00000000e2080000,0x00000000e24a28b8,0x00000000e2580000)
  to   space 5120K, 0% used [0x00000000e2580000,0x00000000e2580000,0x00000000e2a80000)
 ParOldGen       total 87552K, used 8K [0x00000000a0000000, 0x00000000a5580000, 0x00000000e0000000)
  object space 87552K, 0% used [0x00000000a0000000,0x00000000a0002000,0x00000000a5580000)
 Metaspace       used 6577K, capacity 6766K, committed 7040K, reserved 1056768K
  class space    used 799K, capacity 875K, committed 896K, reserved 1048576K
}
Event: 3.512 GC heap before
{Heap before GC invocations=2 (full 0):
 PSYoungGen      total 38400K, used 37514K [0x00000000e0000000, 0x00000000e2a80000, 0x0000000100000000)
  eden space 33280K, 100% used [0x00000000e0000000,0x00000000e2080000,0x00000000e2080000)
  from space 5120K, 82% used [0x00000000e2080000,0x00000000e24a28b8,0x00000000e2580000)
  to   space 5120K, 0% used [0x00000000e2580000,0x00000000e2580000,0x00000000e2a80000)
 ParOldGen       total 87552K, used 8K [0x00000000a0000000, 0x00000000a5580000, 0x00000000e0000000)
  object space 87552K, 0% used [0x00000000a0000000,0x00000000a0002000,0x00000000a5580000)
 Metaspace       used 12221K, capacity 12608K, committed 12800K, reserved 1060864K
  class space    used 1631K, capacity 1766K, committed 1792K, reserved 1048576K
Event: 3.522 GC heap after
Heap after GC invocations=2 (full 0):
 PSYoungGen      total 38400K, used 5105K [0x00000000e0000000, 0x00000000e2a80000, 0x0000000100000000)
  eden space 33280K, 0% used [0x00000000e0000000,0x00000000e0000000,0x00000000e2080000)
  from space 5120K, 99% used [0x00000000e2580000,0x00000000e2a7c6f8,0x00000000e2a80000)
  to   space 5120K, 0% used [0x00000000e2080000,0x00000000e2080000,0x00000000e2580000)
 ParOldGen       total 87552K, used 855K [0x00000000a0000000, 0x00000000a5580000, 0x00000000e0000000)
  object space 87552K, 0% used [0x00000000a0000000,0x00000000a00d5c00,0x00000000a5580000)
 Metaspace       used 12221K, capacity 12608K, committed 12800K, reserved 1060864K
  class space    used 1631K, capacity 1766K, committed 1792K, reserved 1048576K
}
Event: 4.236 GC heap before
{Heap before GC invocations=3 (full 0):
 PSYoungGen      total 38400K, used 38385K [0x00000000e0000000, 0x00000000e2a80000, 0x0000000100000000)
  eden space 33280K, 100% used [0x00000000e0000000,0x00000000e2080000,0x00000000e2080000)
  from space 5120K, 99% used [0x00000000e2580000,0x00000000e2a7c6f8,0x00000000e2a80000)
  to   space 5120K, 0% used [0x00000000e2080000,0x00000000e2080000,0x00000000e2580000)
 ParOldGen       total 87552K, used 855K [0x00000000a0000000, 0x00000000a5580000, 0x00000000e0000000)
  object space 87552K, 0% used [0x00000000a0000000,0x00000000a00d5c00,0x00000000a5580000)
 Metaspace       used 15648K, capacity 16036K, committed 16256K, reserved 1062912K
  class space    used 2203K, capacity 2312K, committed 2432K, reserved 1048576K
Event: 4.257 GC heap after
Heap after GC invocations=3 (full 0):
 PSYoungGen      total 38400K, used 5100K [0x00000000e0000000, 0x00000000e4b00000, 0x0000000100000000)
  eden space 33280K, 0% used [0x00000000e0000000,0x00000000e0000000,0x00000000e2080000)
  from space 5120K, 99% used [0x00000000e2080000,0x00000000e257b248,0x00000000e2580000)
  to   space 5120K, 0% used [0x00000000e4600000,0x00000000e4600000,0x00000000e4b00000)
 ParOldGen       total 87552K, used 3738K [0x00000000a0000000, 0x00000000a5580000, 0x00000000e0000000)
  object space 87552K, 4% used [0x00000000a0000000,0x00000000a03a6908,0x00000000a5580000)
 Metaspace       used 15648K, capacity 16036K, committed 16256K, reserved 1062912K
  class space    used 2203K, capacity 2312K, committed 2432K, reserved 1048576K
}

Deoptimization events (10 events):
Event: 3.859 Thread 0x0000000019ce4000 Uncommon trap: reason=unstable_if action=reinterpret pc=0x0000000003643cb4 method=java.lang.String.lastIndexOf([CII[CIII)I @ 66
Event: 3.957 Thread 0x0000000019ce4000 Uncommon trap: reason=unstable_if action=reinterpret pc=0x000000000330ac08 method=java.net.URI.match(CJJ)Z @ 19
Event: 3.957 Thread 0x0000000019ce4000 Uncommon trap: reason=unstable_if action=reinterpret pc=0x000000000343d840 method=java.net.URI.match(CJJ)Z @ 19
Event: 3.958 Thread 0x0000000019ce4000 Uncommon trap: reason=unstable_if action=reinterpret pc=0x0000000003318348 method=java.net.URI.match(CJJ)Z @ 19
Event: 4.658 Thread 0x0000000019ce4000 Uncommon trap: reason=bimorphic action=maybe_recompile pc=0x000000000364f114 method=java.lang.ClassLoader.loadClass(Ljava/lang/String;Z)Ljava/lang/Class; @ 38
Event: 4.661 Thread 0x0000000019ce4000 Uncommon trap: reason=bimorphic action=maybe_recompile pc=0x000000000364f114 method=java.lang.ClassLoader.loadClass(Ljava/lang/String;Z)Ljava/lang/Class; @ 38
Event: 4.662 Thread 0x0000000019ce4000 Uncommon trap: reason=bimorphic action=maybe_recompile pc=0x000000000364f114 method=java.lang.ClassLoader.loadClass(Ljava/lang/String;Z)Ljava/lang/Class; @ 38
Event: 4.663 Thread 0x0000000019ce4000 Uncommon trap: reason=bimorphic action=maybe_recompile pc=0x000000000364f114 method=java.lang.ClassLoader.loadClass(Ljava/lang/String;Z)Ljava/lang/Class; @ 38
Event: 4.931 Thread 0x0000000019ce4000 Uncommon trap: reason=unstable_if action=reinterpret pc=0x000000000347f5c8 method=java.lang.AbstractStringBuilder.append(Ljava/lang/String;)Ljava/lang/AbstractStringBuilder; @ 1
Event: 4.931 Thread 0x0000000019ce4000 Uncommon trap: reason=unstable_if action=reinterpret pc=0x00000000033d4280 method=java.lang.AbstractStringBuilder.append(Ljava/lang/String;)Ljava/lang/AbstractStringBuilder; @ 1

Classes redefined (0 events):
No events

Internal exceptions (10 events):
Event: 4.727 Thread 0x0000000019ce4000 Exception <a 'java/lang/NoSuchMethodError': <clinit>> (0x00000000e08925d8) thrown at [D:\src\AOSP-openjdk-cygwin\jdk8u\hotspot\src\share\vm\prims\jni.cpp, line 1613]
Event: 4.732 Thread 0x0000000019ce4000 Exception <a 'java/lang/NoSuchMethodError': <clinit>> (0x00000000e08a2ae8) thrown at [D:\src\AOSP-openjdk-cygwin\jdk8u\hotspot\src\share\vm\prims\jni.cpp, line 1613]
Event: 4.736 Thread 0x0000000019ce4000 Exception <a 'java/lang/NoSuchMethodError': <clinit>> (0x00000000e08b4c90) thrown at [D:\src\AOSP-openjdk-cygwin\jdk8u\hotspot\src\share\vm\prims\jni.cpp, line 1613]
Event: 4.739 Thread 0x0000000019ce4000 Exception <a 'java/lang/NoSuchMethodError': <clinit>> (0x00000000e08bf578) thrown at [D:\src\AOSP-openjdk-cygwin\jdk8u\hotspot\src\share\vm\prims\jni.cpp, line 1613]
Event: 4.741 Thread 0x0000000019ce4000 Exception <a 'java/lang/NoSuchMethodError': <clinit>> (0x00000000e08cc270) thrown at [D:\src\AOSP-openjdk-cygwin\jdk8u\hotspot\src\share\vm\prims\jni.cpp, line 1613]
Event: 4.763 Thread 0x0000000019ce4000 Exception <a 'java/lang/NoSuchMethodError': <clinit>> (0x00000000e091c3e8) thrown at [D:\src\AOSP-openjdk-cygwin\jdk8u\hotspot\src\share\vm\prims\jni.cpp, line 1613]
Event: 4.767 Thread 0x0000000019ce4000 Exception <a 'java/lang/NoSuchMethodError': <clinit>> (0x00000000e09200a8) thrown at [D:\src\AOSP-openjdk-cygwin\jdk8u\hotspot\src\share\vm\prims\jni.cpp, line 1613]
Event: 4.767 Thread 0x0000000019ce4000 Exception <a 'java/lang/NoSuchMethodError': <clinit>> (0x00000000e0921bb0) thrown at [D:\src\AOSP-openjdk-cygwin\jdk8u\hotspot\src\share\vm\prims\jni.cpp, line 1613]
Event: 4.931 Thread 0x0000000019ce4000 Implicit null exception at 0x000000000347f216 to 0x000000000347f5b1
Event: 4.931 Thread 0x0000000019ce4000 Implicit null exception at 0x00000000033d3ed6 to 0x00000000033d4269

Events (10 events):
Event: 5.161 loading class org/gradle/groovy/scripts/internal/BuildScriptTransformer
Event: 5.161 loading class org/gradle/groovy/scripts/internal/BuildScriptTransformer done
Event: 5.162 loading class org/gradle/groovy/scripts/internal/ImperativeStatementDetectingTransformer
Event: 5.162 loading class org/gradle/groovy/scripts/internal/ImperativeStatementDetectingTransformer done
Event: 5.163 loading class org/gradle/groovy/scripts/internal/BuildScriptTransformer$1
Event: 5.163 loading class org/gradle/groovy/scripts/internal/BuildScriptTransformer$1 done
Event: 5.164 loading class org/gradle/api/internal/initialization/ClassLoaderScopeIdentifier$Id
Event: 5.164 loading class org/gradle/api/internal/initialization/ClassLoaderScopeIdentifier$Id done
Event: 5.168 loading class org/gradle/model/dsl/internal/transform/ClosureCreationInterceptingVerifier
Event: 5.168 loading class org/gradle/model/dsl/internal/transform/ClosureCreationInterceptingVerifier done


Dynamic libraries:
0x00007ff7b9d70000 - 0x00007ff7b9da1000 	C:\Program Files\Android\Android Studio\jre\bin\java.exe
0x00007ff923cb0000 - 0x00007ff923e91000 	C:\WINDOWS\SYSTEM32\ntdll.dll
0x00007ff922780000 - 0x00007ff922832000 	C:\WINDOWS\System32\KERNEL32.DLL
0x00007ff9205e0000 - 0x00007ff920853000 	C:\WINDOWS\System32\KERNELBASE.dll
0x00007ff921510000 - 0x00007ff9215b1000 	C:\WINDOWS\System32\ADVAPI32.dll
0x00007ff921210000 - 0x00007ff9212ae000 	C:\WINDOWS\System32\msvcrt.dll
0x00007ff921bd0000 - 0x00007ff921c2b000 	C:\WINDOWS\System32\sechost.dll
0x00007ff921aa0000 - 0x00007ff921bc4000 	C:\WINDOWS\System32\RPCRT4.dll
0x00007ff921910000 - 0x00007ff921aa0000 	C:\WINDOWS\System32\USER32.dll
0x00007ff921120000 - 0x00007ff921140000 	C:\WINDOWS\System32\win32u.dll
0x00007ff9212e0000 - 0x00007ff921308000 	C:\WINDOWS\System32\GDI32.dll
0x00007ff9202f0000 - 0x00007ff920482000 	C:\WINDOWS\System32\gdi32full.dll
0x00007ff920540000 - 0x00007ff9205df000 	C:\WINDOWS\System32\msvcp_win.dll
0x00007ff920910000 - 0x00007ff920a08000 	C:\WINDOWS\System32\ucrtbase.dll
0x00007ff919c30000 - 0x00007ff919e99000 	C:\WINDOWS\WinSxS\amd64_microsoft.windows.common-controls_6595b64144ccf1df_6.0.17134.648_none_fb45a0e93062a6d2\COMCTL32.dll
0x00007ff922360000 - 0x00007ff922682000 	C:\WINDOWS\System32\combase.dll
0x00007ff920080000 - 0x00007ff9200fa000 	C:\WINDOWS\System32\bcryptPrimitives.dll
0x00007ff922750000 - 0x00007ff92277d000 	C:\WINDOWS\System32\IMM32.DLL
0x0000000061bd0000 - 0x0000000061ca2000 	C:\Program Files\Android\Android Studio\jre\jre\bin\msvcr100.dll
0x0000000061cb0000 - 0x00000000624ee000 	C:\Program Files\Android\Android Studio\jre\jre\bin\server\jvm.dll
0x00007ff922740000 - 0x00007ff922748000 	C:\WINDOWS\System32\PSAPI.DLL
0x00007ff91ce70000 - 0x00007ff91ce93000 	C:\WINDOWS\SYSTEM32\WINMM.dll
0x00007ff8fb900000 - 0x00007ff8fb909000 	C:\WINDOWS\SYSTEM32\WSOCK32.dll
0x00007ff91ba30000 - 0x00007ff91ba3a000 	C:\WINDOWS\SYSTEM32\VERSION.dll
0x00007ff921c30000 - 0x00007ff921c9c000 	C:\WINDOWS\System32\WS2_32.dll
0x00007ff91ce40000 - 0x00007ff91ce6a000 	C:\WINDOWS\SYSTEM32\WINMMBASE.dll
0x00007ff9204f0000 - 0x00007ff920539000 	C:\WINDOWS\System32\cfgmgr32.dll
0x00007ff8f8f10000 - 0x00007ff8f8f1f000 	C:\Program Files\Android\Android Studio\jre\jre\bin\verify.dll
0x00007ff8f8c80000 - 0x00007ff8f8ca9000 	C:\Program Files\Android\Android Studio\jre\jre\bin\java.dll
0x00007ff8f8ef0000 - 0x00007ff8f8f06000 	C:\Program Files\Android\Android Studio\jre\jre\bin\zip.dll
0x00007ff922840000 - 0x00007ff923c80000 	C:\WINDOWS\System32\SHELL32.dll
0x00007ff9215c0000 - 0x00007ff921669000 	C:\WINDOWS\System32\shcore.dll
0x00007ff920a10000 - 0x00007ff92111d000 	C:\WINDOWS\System32\windows.storage.dll
0x00007ff9217d0000 - 0x00007ff921821000 	C:\WINDOWS\System32\shlwapi.dll
0x00007ff920050000 - 0x00007ff920061000 	C:\WINDOWS\System32\kernel.appcore.dll
0x00007ff920010000 - 0x00007ff92002f000 	C:\WINDOWS\System32\profapi.dll
0x00007ff91ffc0000 - 0x00007ff92000c000 	C:\WINDOWS\System32\powrprof.dll
0x00007ff920070000 - 0x00007ff92007a000 	C:\WINDOWS\System32\FLTLIB.DLL
0x00007ff8f8c60000 - 0x00007ff8f8c7a000 	C:\Program Files\Android\Android Studio\jre\jre\bin\net.dll
0x00007ff91f7e0000 - 0x00007ff91f846000 	C:\WINDOWS\system32\mswsock.dll
0x00007ff8f8c40000 - 0x00007ff8f8c51000 	C:\Program Files\Android\Android Studio\jre\jre\bin\nio.dll
0x00007ff903e70000 - 0x00007ff903e8e000 	C:\Users\Blazeminds\.gradle\native\25\windows-amd64\native-platform.dll
0x00007ff90d640000 - 0x00007ff90d64d000 	C:\Program Files\Android\Android Studio\jre\jre\bin\management.dll
0x00007ff91f990000 - 0x00007ff91f9a7000 	C:\WINDOWS\SYSTEM32\CRYPTSP.dll
0x00007ff91f3c0000 - 0x00007ff91f3f3000 	C:\WINDOWS\system32\rsaenh.dll
0x00007ff91fac0000 - 0x00007ff91fae5000 	C:\WINDOWS\SYSTEM32\bcrypt.dll
0x00007ff91fef0000 - 0x00007ff91ff18000 	C:\WINDOWS\SYSTEM32\USERENV.dll
0x00007ff91f9b0000 - 0x00007ff91f9bb000 	C:\WINDOWS\SYSTEM32\CRYPTBASE.dll
0x00007ff91f560000 - 0x00007ff91f598000 	C:\WINDOWS\SYSTEM32\IPHLPAPI.DLL
0x00007ff9212b0000 - 0x00007ff9212b8000 	C:\WINDOWS\System32\NSI.dll
0x00007ff919500000 - 0x00007ff919516000 	C:\WINDOWS\SYSTEM32\dhcpcsvc6.DLL
0x00007ff919540000 - 0x00007ff91955a000 	C:\WINDOWS\SYSTEM32\dhcpcsvc.DLL

VM Arguments:
jvm_args: -Xmx1536m -Dfile.encoding=windows-1252 -Duser.country=US -Duser.language=en -Duser.variant 
java_command: org.gradle.launcher.daemon.bootstrap.GradleDaemon 4.1
java_class_path (initial): C:\Users\Blazeminds\.gradle\wrapper\dists\gradle-4.1-all\bzyivzo6n839fup2jbap0tjew\gradle-4.1\lib\gradle-launcher-4.1.jar
Launcher Type: SUN_STANDARD

Environment Variables:
PATH=C:\ProgramData\Oracle\Java\javapath;C:\WINDOWS\system32;C:\WINDOWS;C:\WINDOWS\System32\Wbem;C:\WINDOWS\System32\WindowsPowerShell\v1.0\;C:\Program Files\Java\jdk1.8.0_51\bin;C:\WINDOWS\System32\OpenSSH\;C:\Program Files\Git\cmd;C:\Users\Blazeminds\AppData\Local\Microsoft\WindowsApps;C:\Users\Blazeminds\AppData\Local\GitHubDesktop\bin
USERNAME=Blazeminds
OS=Windows_NT
PROCESSOR_IDENTIFIER=Intel64 Family 6 Model 58 Stepping 9, GenuineIntel



---------------  S Y S T E M  ---------------

OS: Windows 10.0 , 64 bit Build 17134 (10.0.17134.648)

CPU:total 4 (initial active 4) (2 cores per cpu, 2 threads per core) family 6 model 58 stepping 9, cmov, cx8, fxsr, mmx, sse, sse2, sse3, ssse3, sse4.1, sse4.2, popcnt, avx, clmul, erms, ht, tsc, tscinvbit, tscinv

Memory: 4k page, physical 8284520k(1023868k free), swap 10237288k(3108k free)

vm_info: OpenJDK 64-Bit Server VM (25.152-b01) for windows-amd64 JRE (1.8.0_152-release-915-b01), built by "builder" with MS VC++ 10.0 (VS2010)

time: Tue Apr 09 13:42:23 2019
elapsed time: 5 seconds (0d 0h 0m 5s)

